{"level":"info","message":"MongoDB connection established","timestamp":"2025-02-15T05:51:10.741Z"}
{"level":"info","message":"MongoDB connection established","timestamp":"2025-02-15T05:55:14.383Z"}
{"level":"info","message":"MongoDB connection established","timestamp":"2025-02-15T06:02:38.476Z"}
{"level":"info","message":"MongoDB connection established","timestamp":"2025-02-15T06:04:39.892Z"}
{"level":"error","message":"testing","stack":"Error: testing\n    at E:\\Projects\\2025\\local_service_provider\\server\\server.js:16:15\n    at Layer.handle [as handle_request] (E:\\Projects\\2025\\local_service_provider\\server\\node_modules\\express\\lib\\router\\layer.js:95:5)\n    at next (E:\\Projects\\2025\\local_service_provider\\server\\node_modules\\express\\lib\\router\\route.js:149:13)\n    at Route.dispatch (E:\\Projects\\2025\\local_service_provider\\server\\node_modules\\express\\lib\\router\\route.js:119:3)\n    at Layer.handle [as handle_request] (E:\\Projects\\2025\\local_service_provider\\server\\node_modules\\express\\lib\\router\\layer.js:95:5)\n    at E:\\Projects\\2025\\local_service_provider\\server\\node_modules\\express\\lib\\router\\index.js:284:15\n    at param (E:\\Projects\\2025\\local_service_provider\\server\\node_modules\\express\\lib\\router\\index.js:365:14)\n    at param (E:\\Projects\\2025\\local_service_provider\\server\\node_modules\\express\\lib\\router\\index.js:376:14)\n    at Function.process_params (E:\\Projects\\2025\\local_service_provider\\server\\node_modules\\express\\lib\\router\\index.js:421:3)\n    at next (E:\\Projects\\2025\\local_service_provider\\server\\node_modules\\express\\lib\\router\\index.js:280:10)","statusCode":500,"timestamp":"2025-02-15T06:04:45.896Z"}
{"level":"info","message":"MongoDB connection established","timestamp":"2025-02-15T06:16:16.832Z"}
{"level":"info","message":"MongoDB connection established","timestamp":"2025-02-15T06:18:39.983Z"}
{"level":"info","message":"MongoDB connection established","timestamp":"2025-02-15T06:22:07.631Z"}
{"level":"info","message":"MongoDB connection established","timestamp":"2025-02-15T06:35:34.681Z"}
{"level":"info","message":"MongoDB connection established","timestamp":"2025-02-15T06:36:44.092Z"}
{"level":"info","message":"MongoDB connection established","timestamp":"2025-02-15T06:37:07.839Z"}
{"level":"info","message":"MongoDB connection established","timestamp":"2025-02-15T06:37:22.550Z"}
{"level":"info","message":"MongoDB connection established","timestamp":"2025-02-15T06:37:51.941Z"}
{"level":"error","message":"testing","stack":"Error: testing\n    at E:\\Projects\\2025\\local_service_provider\\server\\server.js:16:15\n    at Layer.handle [as handle_request] (E:\\Projects\\2025\\local_service_provider\\server\\node_modules\\express\\lib\\router\\layer.js:95:5)\n    at next (E:\\Projects\\2025\\local_service_provider\\server\\node_modules\\express\\lib\\router\\route.js:149:13)\n    at Route.dispatch (E:\\Projects\\2025\\local_service_provider\\server\\node_modules\\express\\lib\\router\\route.js:119:3)\n    at Layer.handle [as handle_request] (E:\\Projects\\2025\\local_service_provider\\server\\node_modules\\express\\lib\\router\\layer.js:95:5)\n    at E:\\Projects\\2025\\local_service_provider\\server\\node_modules\\express\\lib\\router\\index.js:284:15\n    at param (E:\\Projects\\2025\\local_service_provider\\server\\node_modules\\express\\lib\\router\\index.js:365:14)\n    at param (E:\\Projects\\2025\\local_service_provider\\server\\node_modules\\express\\lib\\router\\index.js:376:14)\n    at Function.process_params (E:\\Projects\\2025\\local_service_provider\\server\\node_modules\\express\\lib\\router\\index.js:421:3)\n    at next (E:\\Projects\\2025\\local_service_provider\\server\\node_modules\\express\\lib\\router\\index.js:280:10)","statusCode":500,"timestamp":"2025-02-15T06:40:46.901Z"}
{"level":"info","message":"MongoDB connection established","timestamp":"2025-02-15T06:41:10.271Z"}
{"level":"info","message":"MongoDB connection established","timestamp":"2025-02-15T07:02:52.485Z"}
{"level":"info","message":"MongoDB connection established","timestamp":"2025-02-15T07:04:24.814Z"}
{"level":"info","message":"MongoDB connection established","timestamp":"2025-02-15T07:08:48.396Z"}
{"level":"info","message":"MongoDB connection established","timestamp":"2025-02-15T07:08:56.317Z"}
{"level":"info","message":"MongoDB connection established","timestamp":"2025-02-15T07:09:05.437Z"}
{"level":"info","message":"MongoDB connection established","timestamp":"2025-02-15T07:09:55.145Z"}
{"level":"info","message":"MongoDB connection established","timestamp":"2025-02-15T07:10:41.744Z"}
{"level":"info","message":"MongoDB connection established","timestamp":"2025-02-15T07:11:45.608Z"}
{"level":"info","message":"MongoDB connection established","timestamp":"2025-02-15T07:11:52.571Z"}
{"isOperational":true,"level":"error","message":"Incorrect email or password","stack":"Error: Incorrect email or password\n    at E:\\Projects\\2025\\local_service_provider\\server\\controllers\\authController.js:80:17","statusCode":401,"timestamp":"2025-02-15T07:13:47.403Z"}
{"level":"info","message":"MongoDB connection established","timestamp":"2025-02-15T07:16:49.902Z"}
{"level":"info","message":"MongoDB connection established","timestamp":"2025-02-15T07:17:02.389Z"}
{"level":"info","message":"MongoDB connection established","timestamp":"2025-02-15T07:17:27.973Z"}
{"level":"info","message":"MongoDB connection established","timestamp":"2025-02-15T07:17:39.752Z"}
{"isOperational":true,"level":"error","message":"Incorrect email or password","stack":"Error: Incorrect email or password\n    at E:\\Projects\\2025\\local_service_provider\\server\\controllers\\authController.js:80:17","status":"error","statusCode":401,"timestamp":"2025-02-15T07:17:49.566Z"}
{"level":"info","message":"MongoDB connection established","timestamp":"2025-02-15T07:19:34.501Z"}
{"level":"info","message":"MongoDB connection established","timestamp":"2025-02-15T07:28:58.513Z"}
{"level":"info","message":"MongoDB connection established","timestamp":"2025-02-15T07:30:49.408Z"}
{"level":"info","message":"MongoDB connection established","timestamp":"2025-02-15T07:32:13.617Z"}
{"level":"info","message":"MongoDB connection established","timestamp":"2025-02-15T07:36:49.983Z"}
{"level":"info","message":"MongoDB connection established","timestamp":"2025-02-15T08:03:36.331Z"}
{"level":"info","message":"MongoDB connection established","timestamp":"2025-02-15T08:04:54.814Z"}
{"level":"info","message":"MongoDB connection established","timestamp":"2025-02-15T08:05:12.739Z"}
{"level":"warn","message":"MongoDB connection disconnected","timestamp":"2025-02-15T08:06:42.040Z"}
